<?xml version="1.0" encoding="UTF-8"?>
<!-- Generated by org.testng.reporters.JUnitReportReporter -->
<testsuite skipped="0" hostname="A13-AnujBansal" name="sikuli_package.Sikuli" tests="1" failures="0" timestamp="11 May 2019 12:39:41 GMT" time="15.776" errors="0">
  <testcase name="test" time="15.776" classname="sikuli_package.Sikuli"/>
</testsuite> <!-- sikuli_package.Sikuli -->
