<?xml version="1.0" encoding="UTF-8"?>
<!-- Generated by org.testng.reporters.JUnitReportReporter -->
<testsuite skipped="0" hostname="A13AnujBansal" name="sikuli_package.Sikuli" tests="1" failures="0" timestamp="06 Dec 2019 06:32:13 GMT" time="24.935" errors="0">
  <testcase name="test" time="24.935" classname="sikuli_package.Sikuli"/>
</testsuite> <!-- sikuli_package.Sikuli -->
