<?xml version="1.0" encoding="UTF-8"?>
<!-- Generated by org.testng.reporters.JUnitReportReporter -->
<testsuite skipped="0" hostname="A13AnujBansal" name="scrap.Scrapping" tests="1" failures="0" timestamp="24 Dec 2019 12:17:26 GMT" time="3.415" errors="1">
  <testcase name="browserproxy" time="3.415" classname="scrap.Scrapping">
    <error type="org.sikuli.script.FindFailed" message="can not find P(D:\sikuli_image\chromeproxy\image1.PNG) S: 0.7 on the screen.">
      <![CDATA[FindFailed: can not find P(D:\sikuli_image\chromeproxy\image1.PNG) S: 0.7 on the screen.
  Line 1574, in file Region.java

at org.sikuli.script.Region.handleFindFailed(Region.java:1574)
at org.sikuli.script.Region.wait(Region.java:1682)
at org.sikuli.script.Region.find(Region.java:1590)
at org.sikuli.script.Region.getLocationFromTarget(Region.java:1991)
at org.sikuli.script.Region.click(Region.java:2197)
at org.sikuli.script.Region.click(Region.java:2181)
at scrap.Sikuli.browserproxy(Sikuli.java:93)
at sun.reflect.NativeMethodAccessorImpl.invoke0(Native Method)
at sun.reflect.NativeMethodAccessorImpl.invoke(Unknown Source)
at sun.reflect.DelegatingMethodAccessorImpl.invoke(Unknown Source)
at java.lang.reflect.Method.invoke(Unknown Source)
at org.testng.internal.MethodInvocationHelper.invokeMethod(MethodInvocationHelper.java:124)
at org.testng.internal.Invoker.invokeMethod(Invoker.java:583)
at org.testng.internal.Invoker.invokeTestMethod(Invoker.java:719)
at org.testng.internal.Invoker.invokeTestMethods(Invoker.java:989)
at org.testng.internal.TestMethodWorker.invokeTestMethods(TestMethodWorker.java:125)
at org.testng.internal.TestMethodWorker.run(TestMethodWorker.java:109)
at org.testng.TestRunner.privateRun(TestRunner.java:648)
at org.testng.TestRunner.run(TestRunner.java:505)
at org.testng.SuiteRunner.runTest(SuiteRunner.java:455)
at org.testng.SuiteRunner.runSequentially(SuiteRunner.java:450)
at org.testng.SuiteRunner.privateRun(SuiteRunner.java:415)
at org.testng.SuiteRunner.run(SuiteRunner.java:364)
at org.testng.SuiteRunnerWorker.runSuite(SuiteRunnerWorker.java:52)
at org.testng.SuiteRunnerWorker.run(SuiteRunnerWorker.java:84)
at org.testng.TestNG.runSuitesSequentially(TestNG.java:1208)
at org.testng.TestNG.runSuitesLocally(TestNG.java:1137)
at org.testng.TestNG.runSuites(TestNG.java:1049)
at org.testng.TestNG.run(TestNG.java:1017)
at org.testng.remote.AbstractRemoteTestNG.run(AbstractRemoteTestNG.java:115)
at org.testng.remote.RemoteTestNG.initAndRun(RemoteTestNG.java:251)
at org.testng.remote.RemoteTestNG.main(RemoteTestNG.java:77)
]]>
    </error>
  </testcase> <!-- browserproxy -->
</testsuite> <!-- scrap.Scrapping -->
