<?xml version="1.0" encoding="UTF-8"?>
<!-- Generated by org.testng.reporters.JUnitReportReporter -->
<testsuite skipped="0" hostname="A13AnujBansal" name="probihited.ImportProhibited" tests="1" failures="0" timestamp="19 Nov 2019 13:14:21 GMT" time="151.513" errors="0">
  <testcase name="f" time="151.513" classname="probihited.ImportProhibited"/>
</testsuite> <!-- probihited.ImportProhibited -->
