<?xml version="1.0" encoding="UTF-8"?>
<!-- Generated by org.testng.reporters.JUnitReportReporter -->
<testsuite skipped="0" hostname="A13AnujBansal" name="abroad_chrome.abroadTest" tests="1" failures="0" timestamp="14 Nov 2019 10:15:06 GMT" time="3243.303" errors="0">
  <testcase name="f" time="3243.303" classname="abroad_chrome.abroadTest"/>
</testsuite> <!-- abroad_chrome.abroadTest -->
