<?xml version="1.0" encoding="UTF-8"?>
<!-- Generated by org.testng.reporters.JUnitReportReporter -->
<testsuite skipped="0" hostname="A13AnujBansal" name="abroad_chrome.SearchOnly" tests="1" failures="0" timestamp="28 Dec 2019 11:03:00 GMT" time="426.358" errors="0">
  <testcase name="f" time="426.358" classname="abroad_chrome.SearchOnly"/>
</testsuite> <!-- abroad_chrome.SearchOnly -->
