<?xml version="1.0" encoding="UTF-8"?>
<!-- Generated by org.testng.reporters.JUnitReportReporter -->
<testsuite hostname="shailendra-H110M-S2" name="com.ubuy.launch.LaunchBrowser" tests="1" failures="0" timestamp="22 May 2020 15:48:39 GMT" time="0.007" errors="0">
  <testcase name="f" time="0.007" classname="com.ubuy.launch.LaunchBrowser"/>
</testsuite> <!-- com.ubuy.launch.LaunchBrowser -->
