<?xml version="1.0" encoding="UTF-8"?>
<!-- Generated by org.testng.reporters.JUnitReportReporter -->
<testsuite hostname="my-PC" name="ubuyabroad.Parameterization" tests="1" failures="0" timestamp="1 Feb 2019 06:46:18 GMT" time="5.630" errors="0">
  <testcase name="Search" time="5.630" classname="ubuyabroad.Parameterization"/>
</testsuite> <!-- ubuyabroad.Parameterization -->
